row: 17157
https://github.com/bangbang93/haruhi/issues/103
https://travis-ci.org/github/bangbang93/haruhi/builds/610650458
@types/ioredis

row: 97215
https://github.com/mike-works/ember-fundamentals/issues/19
https://travis-ci.org/github/mike-works/ember-fundamentals/builds/351427173
ember-ajax
ERROR Summary:
  - broccoliBuilderErrorStack: Error: ENOENT: no such file or directory, open '/home/travis/build/mike-works/ember-fundamentals/tmp/source_map_concat-input_base_path-3qAY0QRT.tmp/vendor/ember-resolver/legacy-shims.js'


row: 76910
https://github.com/MainframeHQ/mainframe-os/issues/120
https://app.circleci.com/pipelines/github/MainframeHQ/js-mainframe/jobs/322
flow-mono-cli
lerna ERR! yarn run test:types exited 1 in '@mainframe/cli'
lerna ERR! yarn run test:types stdout:
$ flow check
Error ---------------------------------------------------------- ../client/node_modules/rx-socket/lib/index.js.flow:8:21
Cannot resolve name `rxjs$NextObserver`.
   8| type OpenObserver = rxjs$NextObserver<void>
                          ^^^^^^^^^^^^^^^^^

row: 68389
https://github.com/energychain/CorrentlyWallet/issues/11
https://travis-ci.org/github/energychain/CorrentlyWallet/builds/473298100
https://app.circleci.com/pipelines/github/energychain/CorrentlyWallet/133/workflows/bbaee194-29d9-47aa-8646-e3a885391aa7/jobs/129
Webpack - Lots of comments from greenkeeper about new versions coming in, all failing
Build failes because of test timeouts


row: 81220
https://github.com/WhiteAbeLincoln/salesforce-graphql/issues/24
https://app.circleci.com/pipelines/github/WhiteAbeLincoln/salesforce-graphql/jobs/138
@commitlint/cli
Misconfigured pipelines
New version was released, pipeline still failed
Referenced commit had a failed pipeline and was merged


row: 90678
https://github.com/travi/project-scaffolder/issues/60
https://travis-ci.org/github/travi/project-scaffolder/builds/395849191
@travi/eslint-config-travi
Linter error

row: 28172
https://github.com/arlac77/pratt-parser/issues/577
https://travis-ci.org/github/arlac77/pratt-parser/builds/571469337
semantic-release
Pipeline error when attempting to push test coverage results (405 not allowed)

row: 39623
https://github.com/chrisguttandin/audio-context-timers/issues/257
https://travis-ci.org/github/chrisguttandin/audio-context-timers/builds/542266781
rollup
npm ERR! cipm can only install packages when your package.json and package-lock.json or npm-shrinkwrap.json are in sync. Please update your lock file with `npm install` before continuing.
npm ERR! Invalid: lock file's rollup@1.13.1 does not satisfy rollup@^1.14.3

row: 109309
https://github.com/gabrielcsapo-graveyard/mocha-markdown-extended-reporter/issues/2
https://travis-ci.org/github/gabrielcsapo/mocha-markdown-extended-reporter/builds/259524916
mocha
$ rake
rake aborted!
No Rakefile found (looking for: rakefile, Rakefile, rakefile.rb, Rakefile.rb)


row: 45227
https://github.com/Kronos-Integration/cluster-node/issues/1188
No build logs available
rollup


row: 46426
https://github.com/privettoli/our-map/issues/99
https://travis-ci.com/github/privettoli/our-map/builds/109505936
karma-jasmine-html-reporter
New version, still failling
Referenced commit, bumps all dependencies

row: 70780
https://github.com/bitjson/typescript-starter/issues/150
https://ci.appveyor.com/project/bitjson/typescript-starter/builds/20972201/job/7f4ltx4gc7gc8mm5
@types/node
Lots of new versions, all failing
1 test kept failing unrelated to update


row: 37782
https://github.com/konsumation/konsum/issues/466
https://travis-ci.org/github/k0nsti/konsum/builds/545807597
rollup
HTTP Authentication error in tests (flaky test)
lots of updates released on issue, some pass, some fail

row: 77721
https://github.com/nolanlawson/pinafore/issues/605
https://travis-ci.org/github/nolanlawson/pinafore/jobs/450411379
node-sass
Pipeline process failed


row: 5246
https://github.com/retorquere/zotero-better-bibtex/issues/1459
https://travis-ci.org/github/retorquere/zotero-better-bibtex/builds/662376612
zotero-plugin
Branch did not exist on repo


row: 15497
https://github.com/bifravst/e2e-bdd-test-runner-example/issues/14


row: 100055
https://github.com/visjs/ngx-vis/issues/42
No build info

row: 45768
https://github.com/msandrini/achiever/issues/149
https://app.circleci.com/pipelines/github/msandrini/achiever/jobs/604
https://ci.appveyor.com/project/msandrini/achiever/builds/24112886
git revert failed? Dont know why thy are reverting in the pipeline
Errors everywhere in the build

row: 8947
https://github.com/the-road-to-graphql/fullstack-apollo-express-postgresql-boilerplate/issues/109
https://travis-ci.org/github/the-road-to-graphql/fullstack-apollo-express-postgresql-boilerplate/builds/646854658


row: 22828
https://github.com/liqueurdetoile/DotObjectArray/issues/24
